<?xml version="1.0" encoding="UTF-8"?>
<testng-results skipped="0" failed="0" total="1" passed="1">
  <reporter-output>
  </reporter-output>
  <suite name="Command line suite" duration-ms="27" started-at="2020-09-09T19:09:00Z" finished-at="2020-09-09T19:09:00Z">
    <groups>
    </groups>
    <test name="Command line test" duration-ms="27" started-at="2020-09-09T19:09:00Z" finished-at="2020-09-09T19:09:00Z">
      <class name="NGO.AppTest">
        <test-method status="PASS" signature="testApp()[pri:0, instance:testApp(NGO.AppTest)]" name="testApp" duration-ms="6" started-at="2020-09-10T00:39:00Z" finished-at="2020-09-10T00:39:00Z">
          <reporter-output>
          </reporter-output>
        </test-method> <!-- testApp -->
      </class> <!-- NGO.AppTest -->
    </test> <!-- Command line test -->
  </suite> <!-- Command line suite -->
</testng-results>
